<?xml version="1.0" encoding="UTF-8"?>
<!-- Generated by org.testng.reporters.JUnitReportReporter -->
<testsuite hostname="ATMECSINDT-004" failures="0" tests="1" name="TestCalculation" time="0.759" errors="0" timestamp="21 May 2019 07:51:32 GMT" skipped="0">
  <testcase classname="TestCalculation" name="testAdminChoice" time="0.759"/>
</testsuite> <!-- TestCalculation -->
