<?xml version="1.0" encoding="UTF-8"?>
<!-- Generated by org.testng.reporters.JUnitReportReporter -->
<testsuite hostname="ATMECSINDT-004" failures="0" tests="4" name="TestCases.TestClass" time="0.345" errors="0" timestamp="21 May 2019 14:09:54 GMT" skipped="0">
  <testcase classname="TestCases.TestClass" name="testLoginPath" time="0.015"/>
  <testcase classname="TestCases.TestClass" name="testTotal" time="0.326"/>
  <testcase classname="TestCases.TestClass" name="testPath" time="0.002"/>
  <testcase classname="TestCases.TestClass" name="testStudentPath" time="0.002"/>
</testsuite> <!-- TestCases.TestClass -->
